<?xml version="1.0" encoding="UTF-8"?>
<!-- Generated by org.testng.reporters.JUnitReportReporter -->
<testsuite hostname="ip-172-31-87-161" failures="0" tests="1" name="flipkart.pdo.EnumI18nTest" time="0.118" errors="0" timestamp="2021-10-11T15:43:06 UTC" skipped="0">
  <testcase classname="flipkart.pdo.EnumI18nTest" name="testEnums" time="0.118"/>
  <system-out/>
</testsuite> <!-- flipkart.pdo.EnumI18nTest -->
