<?xml version="1.0" encoding="UTF-8"?>
<!-- Generated by org.testng.reporters.JUnitReportReporter -->
<testsuite hostname="ip-172-31-87-161" failures="0" tests="1" name="flipkart.server.ValidationsTest" time="0.000" errors="0" timestamp="2021-10-11T15:43:20 UTC" skipped="1">
  <testcase classname="flipkart.server.ValidationsTest" name="testValidation" time="0.000">
    <skipped/>
  </testcase> <!-- testValidation -->
  <system-out/>
</testsuite> <!-- flipkart.server.ValidationsTest -->
