<?xml version="1.0" encoding="UTF-8"?>
<!-- Generated by org.testng.reporters.JUnitReportReporter -->
<testsuite hostname="ip-172-31-87-161" failures="0" tests="1" name="flipkart.gui.TestControllers" time="0.000" errors="0" timestamp="2021-10-11T15:43:15 UTC" skipped="1">
  <testcase classname="flipkart.gui.TestControllers" name="testControllers" time="0.000">
    <skipped/>
  </testcase> <!-- testControllers -->
  <system-out/>
</testsuite> <!-- flipkart.gui.TestControllers -->
